This is LuaHBTeX, Version 1.12.0 (TeX Live 2020/W32TeX)  (format=lualatex 2020.7.1)  2 JUL 2020 00:05
 restricted system commands enabled.
**hithesis.ins
(./hithesis.ins
LaTeX2e <2020-02-02> patch level 5
Lua module: luaotfload-main 2020-02-02 3.12 luaotfload entry point
Lua module: luaotfload-init 2020-02-02 3.12 luaotfload submodule / initializatio
n
Lua module: lualibs 2020-02-02 2.70 ConTeXt Lua standard libraries.
Lua module: lualibs-extended 2020-02-02 2.70 ConTeXt Lua libraries -- extended c
ollection.
Lua module: luaotfload-log 2020-02-02 3.12 luaotfload submodule / logging
Lua module: luaotfload-parsers 2020-02-02 3.12 luaotfload submodule / filelist
Lua module: luaotfload-configuration 2020-02-02 3.12 luaotfload submodule / conf
ig file reader
luaotfload | conf : Root cache directory is C:/Users/ACER/.texlive2020/texmf-var
/luatex-cache/generic-dev/names.
luaotfload | init : Loading fontloader “fontloader-2020-01-26.lua” from kpse
-resolved path “d:/texlive1/2020/texmf-dist/tex/luatex/luaotfload/fontloader-2
020-01-26.lua”.
Lua-only attribute luaotfload@state = 2
Lua-only attribute luaotfload@noligature = 3
Lua-only attribute luaotfload@syllabe = 4
luaotfload | init : Context OpenType loader version “3.11”
Inserting `luaotfload.node_processor' at position 1 in `pre_linebreak_filter'.
Inserting `luaotfload.node_processor' at position 1 in `hpack_filter'.
Lua module: luaotfload-loaders 2020-02-02 3.12 luaotfload submodule / callback h
andling
Inserting `luaotfload.define_font' at position 1 in `define_font'.
Lua module: luaotfload-database 2020-02-02 3.12 luaotfload submodule / database
Lua module: luaotfload-unicode 2020-02-02 3.12 luaotfload submodule / Unicode he
lpers
Lua module: luaotfload-colors 2020-02-02 3.12 luaotfload submodule / color
Lua-only attribute luaotfload_color_attribute = 5
Lua module: luaotfload-resolvers 2020-02-02 3.12 luaotfload submodule / resolver
s
luaotfload | conf : Root cache directory is C:/Users/ACER/.texlive2020/texmf-var
/luatex-cache/generic-dev/names.
Lua module: luaotfload-features 2020-02-02 3.12 luaotfload submodule / features
Lua module: luaotfload-letterspace 2020-02-02 3.12 luaotfload submodule / color
Lua module: luaotfload-embolden 2020-02-02 3.12 luaotfload submodule / color
Lua module: luaotfload-notdef 2020-02-02 3.12 luaotfload submodule / color
Lua module: luaotfload-harf-define 2020-02-02 3.12 luaotfload submodule / databa
se
Lua module: luaotfload-script 2020-02-02 3.12 luaotfload submodule / Script help
ers
Inserting `luaotfload.harf.strip_prefix' at position 1 in `find_opentype_file'.
Inserting `luaotfload.harf.strip_prefix' at position 1 in `find_truetype_file'.
Lua module: luaotfload-harf-plug 2020-02-02 3.12 luaotfload submodule / database
Inserting `Harf pre_output_filter callback' at position 1 in `pre_output_filter'
.
Inserting `Harf wrapup_run callback' at position 1 in `wrapup_run'.
Inserting `Harf finish_pdffile callback' at position 1 in `finish_pdffile'.
Inserting `Harf glyph_info callback' at position 1 in `glyph_info'.
Lua module: luaotfload-auxiliary 2020-02-02 3.12 luaotfload submodule / auxiliar
y functions
Inserting `luaotfload.aux.set_sscale_dimens' at position 1 in `luaotfload.patch_
font'.
Inserting `luaotfload.aux.set_font_index' at position 2 in `luaotfload.patch_fon
t'.
Inserting `luaotfload.aux.patch_cambria_domh' at position 3 in `luaotfload.patch
_font'.
Inserting `luaotfload.aux.fixup_fontdata' at position 1 in `luaotfload.patch_fon
t_unsafe'.
Inserting `luaotfload.aux.set_capheight' at position 4 in `luaotfload.patch_font
'.
Inserting `luaotfload.aux.set_xheight' at position 5 in `luaotfload.patch_font'.
Lua module: luaotfload-fallback 2020-02-02 3.12 luaotfload submodule / fallback
Lua module: luaotfload-multiscript 2020-02-02 3.12 luaotfload submodule / multis
cript
Lua module: luaotfload-tounicode 2020-02-02 3.12 luaotfload submodule / tounicod
e
Inserting `luaotfload.rewrite_fontname' at position 6 in `luaotfload.patch_font'
. L3 programming layer <2020-03-06>
(d:/texlive1/2020/texmf-dist/tex/latex/base/docstrip.tex
\blockLevel=\count163
\emptyLines=\count164
\processedLines=\count165
\commentsRemoved=\count166
\commentsPassed=\count167
\codeLinesPassed=\count168
\TotalprocessedLines=\count169
\TotalcommentsRemoved=\count170
\TotalcommentsPassed=\count171
\TotalcodeLinesPassed=\count172
\NumberOfFiles=\count173
\inFile=\read2
\inputcheck=\read3
\off@0=\count174
\off@1=\count175
\off@2=\count176
\off@3=\count177
\off@4=\count178
\off@5=\count179
\off@6=\count180
\off@7=\count181
\off@8=\count182
\off@9=\count183
\off@10=\count184
\off@11=\count185
\off@12=\count186
\off@13=\count187
\off@14=\count188
\off@15=\count189
\@maxfiles=\count190
\@maxoutfiles=\count191

Utility: `docstrip' 2.5g <2018/05/03>
English documentation    <2018/05/03>

**********************************************************
* This program converts documented macro-files into fast *
* loadable files by stripping off (nearly) all comments! *
**********************************************************

********************************************************
* No Configuration file found, using default settings. *
********************************************************

)

Generating file(s) ./hithesisbook.cls ./examples/hitbook/chinese/hithesisbook.cl
s ./examples/hitbook/english/hithesisbook.cls ./hithesisart.cls ./examples/hitar
t/reports/hithesisart.cls ./hithesisartplus.cls ./examples/hitart/reportplus/hit
hesisartplus.cls ./hithesisbook.cfg ./examples/hitbook/chinese/hithesisbook.cfg 
./examples/hitbook/english/hithesisbook.cfg ./hithesisart.cfg ./examples/hitart/
reports/hithesisart.cfg ./examples/hitart/reportplus/hithesisart.cfg ./hithesis.
ist ./examples/hitbook/chinese/hithesis.ist ./dtx-style.sty ./examples/hitbook/c
hinese/hithesis.sty ./examples/hitbook/english/hithesis.sty 

\openout0 = ./hithesisbook.cls

\openout1 = ./examples/hitbook/chinese/hithesisbook.cls

\openout2 = ./examples/hitbook/english/hithesisbook.cls

\openout3 = ./hithesisart.cls

\openout4 = ./examples/hitart/reports/hithesisart.cls

\openout5 = ./hithesisartplus.cls

\openout6 = ./examples/hitart/reportplus/hithesisartplus.cls

\openout7 = ./hithesisbook.cfg

\openout8 = ./examples/hitbook/chinese/hithesisbook.cfg

\openout9 = ./examples/hitbook/english/hithesisbook.cfg

\openout10 = ./hithesisart.cfg

\openout11 = ./examples/hitart/reports/hithesisart.cfg

\openout12 = ./examples/hitart/reportplus/hithesisart.cfg

\openout13 = ./hithesis.ist

\openout14 = ./examples/hitbook/chinese/hithesis.ist

\openout15 = ./dtx-style.sty

Processing file hithesis.dtx (bookcls) -> hithesisbook.cls
                             (bookcls) -> examples/hitbook/chinese/hithesisbook.
cls
                             (bookcls) -> examples/hitbook/english/hithesisbook.
cls
                             (artcls) -> hithesisart.cls
                             (artcls) -> examples/hitart/reports/hithesisart.cls

                             (artpluscls) -> hithesisartplus.cls
                             (artpluscls) -> examples/hitart/reportplus/hithesis
artplus.cls
                             (bookcfg) -> hithesisbook.cfg
                             (bookcfg) -> examples/hitbook/chinese/hithesisbook.
cfg
                             (bookcfg) -> examples/hitbook/english/hithesisbook.
cfg
                             (artcfg) -> hithesisart.cfg
                             (artcfg) -> examples/hitart/reports/hithesisart.cfg

                             (artcfg) -> examples/hitart/reportplus/hithesisart.
cfg
                             (ist) -> hithesis.ist
                             (ist) -> examples/hitbook/chinese/hithesis.ist
                             (dtx-style) -> dtx-style.sty
File hithesis.dtx ended by \endinput.
Lines  processed: 9497
Comments removed: 1783
Comments  passed: 208
Codelines passed: 7431


\openout0 = ./examples/hitbook/chinese/hithesis.sty

\openout1 = ./examples/hitbook/english/hithesis.sty

Processing file hithesis.dtx (hithesis-style) -> examples/hitbook/chinese/hithes
is.sty
                             (hithesis-style) -> examples/hitbook/english/hithes
is.sty
File hithesis.dtx ended by \endinput.
Lines  processed: 9497
Comments removed: 1783
Comments  passed: 208
Codelines passed: 7431


Generating file(s) ./hithesis.bst ./examples/hitbook/chinese/hithesis.bst ./exam
ples/hitbook/english/hithesis.bst ./examples/hitart/reports/hithesis.bst ./examp
les/hitart/reportplus/hithesis.bst 

\openout0 = ./hithesis.bst

\openout1 = ./examples/hitbook/chinese/hithesis.bst

\openout2 = ./examples/hitbook/english/hithesis.bst

\openout3 = ./examples/hitart/reports/hithesis.bst

\openout4 = ./examples/hitart/reportplus/hithesis.bst

Processing file hithesis.dtx (bst) -> hithesis.bst
                             (bst) -> examples/hitbook/chinese/hithesis.bst
                             (bst) -> examples/hitbook/english/hithesis.bst
                             (bst) -> examples/hitart/reports/hithesis.bst
                             (bst) -> examples/hitart/reportplus/hithesis.bst
File hithesis.dtx ended by \endinput.
Lines  processed: 9497
Comments removed: 1783
Comments  passed: 208
Codelines passed: 7431


Generating file(s) ./hitlogo.eps ./examples/hitbook/chinese/hitlogo.eps ./exampl
es/hitbook/english/hitlogo.eps ./examples/hitart/reports/hitlogo.eps ./examples/
hitart/reportplus/hitlogo.eps ./bthesistitle.eps ./examples/hitbook/chinese/bthe
sistitle.eps ./examples/hitbook/english/bthesistitle.eps ./examples/hitart/repor
ts/bthesistitle.eps ./examples/hitart/reportplus/bthesistitle.eps ./zfb.eps ./ex
amples/hitbook/chinese/zfb.eps ./examples/hitbook/english/zfb.eps ./examples/hit
art/reports/zfb.eps ./examples/hitart/reportplus/zfb.eps 

\openout0 = ./hitlogo.eps

\openout1 = ./examples/hitbook/chinese/hitlogo.eps

\openout2 = ./examples/hitbook/english/hitlogo.eps

\openout3 = ./examples/hitart/reports/hitlogo.eps

\openout4 = ./examples/hitart/reportplus/hitlogo.eps

\openout5 = ./bthesistitle.eps

\openout6 = ./examples/hitbook/chinese/bthesistitle.eps

\openout7 = ./examples/hitbook/english/bthesistitle.eps

\openout8 = ./examples/hitart/reports/bthesistitle.eps

\openout9 = ./examples/hitart/reportplus/bthesistitle.eps

\openout10 = ./zfb.eps

\openout11 = ./examples/hitbook/chinese/zfb.eps

\openout12 = ./examples/hitbook/english/zfb.eps

\openout13 = ./examples/hitart/reports/zfb.eps

\openout14 = ./examples/hitart/reportplus/zfb.eps

Processing file hithesis.dtx (hitlogo) -> hitlogo.eps
                             (hitlogo) -> examples/hitbook/chinese/hitlogo.eps
                             (hitlogo) -> examples/hitbook/english/hitlogo.eps
                             (hitlogo) -> examples/hitart/reports/hitlogo.eps
                             (hitlogo) -> examples/hitart/reportplus/hitlogo.eps

                             (bthesistitle) -> bthesistitle.eps
                             (bthesistitle) -> examples/hitbook/chinese/bthesist
itle.eps
                             (bthesistitle) -> examples/hitbook/english/bthesist
itle.eps
                             (bthesistitle) -> examples/hitart/reports/bthesisti
tle.eps
                             (bthesistitle) -> examples/hitart/reportplus/bthesi
stitle.eps
                             (zfb) -> zfb.eps
                             (zfb) -> examples/hitbook/chinese/zfb.eps
                             (zfb) -> examples/hitbook/english/zfb.eps
                             (zfb) -> examples/hitart/reports/zfb.eps
                             (zfb) -> examples/hitart/reportplus/zfb.eps
File hithesis.dtx ended by \endinput.
Lines  processed: 9497
Comments removed: 1783
Comments  passed: 208
Codelines passed: 7431


Generating file(s) ./golfer.eps ./examples/hitbook/chinese/figures/golfer.eps ./
examples/hitbook/english/figures/golfer.eps ./examples/hitart/reports/figures/go
lfer.eps ./examples/hitart/reportplus/figures/golfer.eps 

\openout0 = ./golfer.eps

\openout1 = ./examples/hitbook/chinese/figures/golfer.eps

\openout2 = ./examples/hitbook/english/figures/golfer.eps

\openout3 = ./examples/hitart/reports/figures/golfer.eps

\openout4 = ./examples/hitart/reportplus/figures/golfer.eps

Processing file hithesis.dtx (golfer) -> golfer.eps
                             (golfer) -> examples/hitbook/chinese/figures/golfer
.eps
                             (golfer) -> examples/hitbook/english/figures/golfer
.eps
                             (golfer) -> examples/hitart/reports/figures/golfer.
eps
                             (golfer) -> examples/hitart/reportplus/figures/golf
er.eps
File hithesis.dtx ended by \endinput.
Lines  processed: 9497
Comments removed: 1783
Comments  passed: 208
Codelines passed: 7431

***********************************************************
*
* To finish the installation you have to move the following
* files into a directory searched by TeX:
*
* The recommended directory is TEXMF/tex/latex/hithesis
*
*   hithesisbook.cls
*   hithesisart.cls
*   hithesisartplus.cls
*   hithesisbook.cfg
*   hithesisart.cfg
*   hithesis.ist
*   hithesis.bst
*   hitlogo.eps
*   bthesistitle.eps
*   figures/golfer.eps
*   zfb.eps
*
* To produce the documentation run the files ending with
* `.dtx' through LaTeX.
*
* Happy TeXing!
***********************************************************
Overall statistics:
Files  processed: 5
Lines  processed: 47485
Comments removed: 8915
Comments  passed: 1040
Codelines passed: 37155
)

Here is how much of LuaTeX's memory you used:
 746 strings out of 480992
 100000,383344 words of node,token memory allocated
 296 words of node memory still in use:
   1 hlist, 3 kern, 1 glyph, 1 attribute, 39 glue_spec, 1 attribute_list nodes
   avail lists: 2:11,3:3,4:1,5:1
 18221 multiletter control sequences out of 65536+600000
 24 fonts using 2830079 bytes
 15i,0n,15p,468b,257s stack positions out of 5000i,500n,10000p,200000b,100000s

warning  (pdf backend): no pages of output.

PDF statistics: 0 PDF objects out of 1000 (max. 8388607)
 0 named destinations out of 1000 (max. 131072)
 1 words of extra memory for PDF output out of 10000 (max. 100000000)

